<?xml version="1.0" encoding="UTF-8"?>
<!-- Generated by org.testng.reporters.JUnitReportReporter -->
<testsuite skipped="0" hostname="tsowjany" name="com.training.sanity.tests.LoginTest" tests="2" failures="0" timestamp="21 Jun 2019 07:21:34 GMT" time="44.038" errors="0">
  <testcase name="validLoginTest" time="21.258" classname="com.training.sanity.tests.LoginTest"/>
  <testcase name="validLoginTest" time="22.780" classname="com.training.sanity.tests.LoginTest"/>
</testsuite> <!-- com.training.sanity.tests.LoginTest -->
