<?xml version="1.0" encoding="UTF-8"?>
<!-- Generated by org.testng.reporters.JUnitReportReporter -->
<testsuite skipped="0" hostname="tsowjany" name="com.training.sanity.tests.OrderProductTest" tests="1" failures="0" timestamp="21 Jun 2019 05:31:01 GMT" time="22.172" errors="0">
  <testcase name="validLoginTest" time="22.172" classname="com.training.sanity.tests.OrderProductTest"/>
</testsuite> <!-- com.training.sanity.tests.OrderProductTest -->
