<?xml version="1.0" encoding="UTF-8"?>
<!-- Generated by org.testng.reporters.JUnitReportReporter -->
<testsuite skipped="0" hostname="tsowjany" name="com.training.sanity.tests.UniformTest" tests="2" failures="0" timestamp="21 Jun 2019 07:24:35 GMT" time="42.592" errors="0">
  <testcase name="validLoginTest" time="20.532" classname="com.training.sanity.tests.UniformTest"/>
  <testcase name="validLoginTest" time="22.060" classname="com.training.sanity.tests.UniformTest"/>
</testsuite> <!-- com.training.sanity.tests.UniformTest -->
